<?xml version="1.0" encoding="UTF-8"?>
<testsuites name="success_checkout" time="18.722" tests="3" failures="0" errors="0">
   <testsuite name="success_checkout" tests="3" failures="0" errors="0" time="18.722" skipped="0" timestamp="2024-08-26 18:32:51" hostname="SS - Laurensia-QA" id="Test Suites/success_checkout">
      <properties>
         <property name="deviceName" value=""/>
         <property name="devicePlatform" value=""/>
         <property name="logFolder" value="C:\\Users\\SS\\Downloads\\QATest-Metrodata\\Reports\\20240826_183239\\success_checkout\\20240826_183239"/>
         <property name="logFiles" value="C:\\Users\\SS\\Downloads\\QATest-Metrodata\\Reports\\20240826_183239\\success_checkout\\20240826_183239\\execution0.log"/>
         <property name="attachments" value="C:\\Users\\SS\\Downloads\\QATest-Metrodata\\Reports\\20240826_183239\\success_checkout\\20240826_183239\\Screenshots/Login_Valid.png, C:\\Users\\SS\\Downloads\\QATest-Metrodata\\Reports\\20240826_183239\\success_checkout\\20240826_183239\\Screenshots/AddProductToCart.png, C:\\Users\\SS\\Downloads\\QATest-Metrodata\\Reports\\20240826_183239\\success_checkout\\20240826_183239\\Screenshots/CheckoutProcess.png"/>
         <property name="hostName" value="SS - Laurensia-QA"/>
         <property name="os" value="Windows 11 64bit"/>
         <property name="katalonVersion" value="9.0.0.beta.212"/>
         <property name="browser" value="Firefox 129.0"/>
         <property name="hostAddress" value="192.168.1.12"/>
         <property name="sessionId" value="712b16fb-3165-4b10-8027-9c05424f32f4"/>
         <property name="seleniumVersion" value="3.141.59"/>
         <property name="proxyInformation" value="ProxyInformation { proxyOption=NO_PROXY, proxyServerType=HTTP, username=, password=********, proxyServerAddress=, proxyServerPort=0, executionList=&quot;&quot;, isApplyToDesiredCapabilities=true }"/>
         <property name="platform" value="Windows 11"/>
      </properties>
      <testcase name="Test Cases/login_valid_credential" time="11.538" classname="Test Cases/login_valid_credential" status="PASSED">
         <system-out><![CDATA[2024-08-26 18:32:51 - [TEST_CASE][PASSED] - Test Cases/login_valid_credential: Test Cases/login_valid_credential

2024-08-26 18:32:51 - [TEST_STEP][PASSED] - openBrowser(""): Browser is opened with url: ''

2024-08-26 18:32:52 - [MESSAGE][INFO] - Starting 'Firefox' driver

2024-08-26 18:32:52 - [MESSAGE][INFO] - Action delay is set to 0 milliseconds

2024-08-26 18:32:58 - [MESSAGE][PASSED] - Browser is opened with url: ''

2024-08-26 18:32:58 - [TEST_STEP][PASSED] - navigateToUrl("https://www.saucedemo.com/"): Navigate to 'https://www.saucedemo.com/' successfully

2024-08-26 18:32:58 - [MESSAGE][PASSED] - Navigate to 'https://www.saucedemo.com/' successfully

2024-08-26 18:32:58 - [TEST_STEP][PASSED] - setText(findTestObject("Object Repository/Page_Swag Labs/input_Swag Labs_user-name"), "standard_user"): Text 'standard_user' is set on object 'Object Repository/Page_Swag Labs/input_Swag Labs_user-name'

2024-08-26 18:33:00 - [MESSAGE][PASSED] - Text 'standard_user' is set on object 'Object Repository/Page_Swag Labs/input_Swag Labs_user-name'

2024-08-26 18:33:00 - [TEST_STEP][PASSED] - setEncryptedText(findTestObject("Object Repository/Page_Swag Labs/input_Swag Labs_password"), "qcu24s4901FyWDTwXGr6XA=="): Text ****** has been set on object 'Object Repository/Page_Swag Labs/input_Swag Labs_password'

2024-08-26 18:33:01 - [MESSAGE][PASSED] - Text ****** has been set on object 'Object Repository/Page_Swag Labs/input_Swag Labs_password'

2024-08-26 18:33:01 - [TEST_STEP][PASSED] - click(findTestObject("Object Repository/Page_Swag Labs/input_Swag Labs_login-button")): Object: 'Object Repository/Page_Swag Labs/input_Swag Labs_login-button' is clicked on

2024-08-26 18:33:01 - [MESSAGE][PASSED] - Object: 'Object Repository/Page_Swag Labs/input_Swag Labs_login-button' is clicked on

2024-08-26 18:33:01 - [TEST_STEP][PASSED] - takeScreenshot("Screenshots/Login_Valid.png"): Taking screenshot successfully

2024-08-26 18:33:02 - [MESSAGE][PASSED] - Taking screenshot successfully
[[ATTACHMENT|C:\\Users\\SS\\Downloads\\QATest-Metrodata\\Reports\\20240826_183239\\success_checkout\\20240826_183239\\Screenshots/Login_Valid.png]]]]></system-out>
         <system-err><![CDATA[]]></system-err>
      </testcase>
      <testcase name="Test Cases/add_product" time="2.327" classname="Test Cases/add_product" status="PASSED">
         <system-out><![CDATA[2024-08-26 18:33:02 - [TEST_CASE][PASSED] - Test Cases/add_product: Test Cases/add_product

2024-08-26 18:33:03 - [TEST_STEP][PASSED] - click(findTestObject("Object Repository/Page_Swag Labs/button_Add to cart")): Object: 'Object Repository/Page_Swag Labs/button_Add to cart' is clicked on

2024-08-26 18:33:03 - [MESSAGE][PASSED] - Object: 'Object Repository/Page_Swag Labs/button_Add to cart' is clicked on

2024-08-26 18:33:03 - [TEST_STEP][PASSED] - click(findTestObject("Object Repository/Page_Swag Labs/button_Add to cart_1")): Object: 'Object Repository/Page_Swag Labs/button_Add to cart_1' is clicked on

2024-08-26 18:33:04 - [MESSAGE][PASSED] - Object: 'Object Repository/Page_Swag Labs/button_Add to cart_1' is clicked on

2024-08-26 18:33:04 - [TEST_STEP][PASSED] - click(findTestObject("Object Repository/Page_Swag Labs/a_2")): Object: 'Object Repository/Page_Swag Labs/a_2' is clicked on

2024-08-26 18:33:04 - [MESSAGE][PASSED] - Object: 'Object Repository/Page_Swag Labs/a_2' is clicked on

2024-08-26 18:33:04 - [TEST_STEP][PASSED] - verifyElementPresent(findTestObject("Object Repository/Page_Swag Labs/div_1Sauce Labs Backpackcarry.allTheThings(_948477"), 0): Object 'Object Repository/Page_Swag Labs/div_1Sauce Labs Backpackcarry.allTheThings(_948477' is present

2024-08-26 18:33:04 - [MESSAGE][WARNING] - Timeout '0' is invalid. Using default page load timeout: '30'

2024-08-26 18:33:04 - [MESSAGE][PASSED] - Object 'Object Repository/Page_Swag Labs/div_1Sauce Labs Backpackcarry.allTheThings(_948477' is present

2024-08-26 18:33:04 - [TEST_STEP][PASSED] - takeScreenshot("Screenshots/AddProductToCart.png"): Taking screenshot successfully

2024-08-26 18:33:05 - [MESSAGE][PASSED] - Taking screenshot successfully
[[ATTACHMENT|C:\\Users\\SS\\Downloads\\QATest-Metrodata\\Reports\\20240826_183239\\success_checkout\\20240826_183239\\Screenshots/AddProductToCart.png]]]]></system-out>
         <system-err><![CDATA[]]></system-err>
      </testcase>
      <testcase name="Test Cases/checkout" time="4.554" classname="Test Cases/checkout" status="PASSED">
         <system-out><![CDATA[2024-08-26 18:33:05 - [TEST_CASE][PASSED] - Test Cases/checkout: Test Cases/checkout

2024-08-26 18:33:05 - [TEST_STEP][PASSED] - click(findTestObject("Object Repository/Page_Swag Labs/button_Checkout")): Object: 'Object Repository/Page_Swag Labs/button_Checkout' is clicked on

2024-08-26 18:33:05 - [MESSAGE][PASSED] - Object: 'Object Repository/Page_Swag Labs/button_Checkout' is clicked on

2024-08-26 18:33:05 - [TEST_STEP][PASSED] - setText(findTestObject("Object Repository/Page_Swag Labs/input_Checkout Your Information_firstName"), "Laurensia"): Text 'Laurensia' is set on object 'Object Repository/Page_Swag Labs/input_Checkout Your Information_firstName'

2024-08-26 18:33:06 - [MESSAGE][PASSED] - Text 'Laurensia' is set on object 'Object Repository/Page_Swag Labs/input_Checkout Your Information_firstName'

2024-08-26 18:33:06 - [TEST_STEP][PASSED] - setText(findTestObject("Object Repository/Page_Swag Labs/input_Checkout Your Information_lastName"), "Testing"): Text 'Testing' is set on object 'Object Repository/Page_Swag Labs/input_Checkout Your Information_lastName'

2024-08-26 18:33:07 - [MESSAGE][PASSED] - Text 'Testing' is set on object 'Object Repository/Page_Swag Labs/input_Checkout Your Information_lastName'

2024-08-26 18:33:07 - [TEST_STEP][PASSED] - setText(findTestObject("Object Repository/Page_Swag Labs/input_Checkout Your Information_postalCode"), "97762"): Text '97762' is set on object 'Object Repository/Page_Swag Labs/input_Checkout Your Information_postalCode'

2024-08-26 18:33:07 - [MESSAGE][PASSED] - Text '97762' is set on object 'Object Repository/Page_Swag Labs/input_Checkout Your Information_postalCode'

2024-08-26 18:33:07 - [TEST_STEP][PASSED] - click(findTestObject("Object Repository/Page_Swag Labs/input_Cancel_continue")): Object: 'Object Repository/Page_Swag Labs/input_Cancel_continue' is clicked on

2024-08-26 18:33:08 - [MESSAGE][PASSED] - Object: 'Object Repository/Page_Swag Labs/input_Cancel_continue' is clicked on

2024-08-26 18:33:08 - [TEST_STEP][PASSED] - click(findTestObject("Object Repository/Page_Swag Labs/button_Finish")): Object: 'Object Repository/Page_Swag Labs/button_Finish' is clicked on

2024-08-26 18:33:09 - [MESSAGE][PASSED] - Object: 'Object Repository/Page_Swag Labs/button_Finish' is clicked on

2024-08-26 18:33:09 - [TEST_STEP][PASSED] - verifyElementVisible(findTestObject("Object Repository/Page_Swag Labs/div_Thank you for your orderYour order has _f1f997")): Object 'Object Repository/Page_Swag Labs/div_Thank you for your orderYour order has _f1f997' is visible

2024-08-26 18:33:09 - [MESSAGE][PASSED] - Object 'Object Repository/Page_Swag Labs/div_Thank you for your orderYour order has _f1f997' is visible

2024-08-26 18:33:09 - [TEST_STEP][PASSED] - takeScreenshot("Screenshots/CheckoutProcess.png"): Taking screenshot successfully

2024-08-26 18:33:09 - [MESSAGE][PASSED] - Taking screenshot successfully
[[ATTACHMENT|C:\\Users\\SS\\Downloads\\QATest-Metrodata\\Reports\\20240826_183239\\success_checkout\\20240826_183239\\Screenshots/CheckoutProcess.png]]]]></system-out>
         <system-err><![CDATA[]]></system-err>
      </testcase>
      <system-out><![CDATA[2024-08-26 18:32:51 - [TEST_SUITE][PASSED] - success_checkout: Test Cases/checkout]]></system-out>
      <system-err><![CDATA[]]></system-err>
   </testsuite>
</testsuites>
